0 info it worked if it ends with ok
1 verbose cli [ '/usr/local/bin/node', '/usr/local/bin/npm', 'run', 'dev' ]
2 info using npm@2.14.4
3 info using node@v4.1.1
4 verbose run-script [ 'predev', 'dev', 'postdev' ]
5 info predev xblocks@0.7.0
6 info dev xblocks@0.7.0
7 verbose unsafe-perm in lifecycle true
8 info xblocks@0.7.0 Failed to exec dev script
9 verbose stack Error: xblocks@0.7.0 dev: `NODE_ENV=development ./node_modules/.bin/webpack --progress --watch`
9 verbose stack Exit status 1
9 verbose stack     at EventEmitter.<anonymous> (/usr/local/lib/node_modules/npm/lib/utils/lifecycle.js:214:16)
9 verbose stack     at emitTwo (events.js:87:13)
9 verbose stack     at EventEmitter.emit (events.js:172:7)
9 verbose stack     at ChildProcess.<anonymous> (/usr/local/lib/node_modules/npm/lib/utils/spawn.js:24:14)
9 verbose stack     at emitTwo (events.js:87:13)
9 verbose stack     at ChildProcess.emit (events.js:172:7)
9 verbose stack     at maybeClose (internal/child_process.js:817:16)
9 verbose stack     at Process.ChildProcess._handle.onexit (internal/child_process.js:211:5)
10 verbose pkgid xblocks@0.7.0
11 verbose cwd /Users/rikishi/www/xblocks
12 error Darwin 14.5.0
13 error argv "/usr/local/bin/node" "/usr/local/bin/npm" "run" "dev"
14 error node v4.1.1
15 error npm  v2.14.4
16 error code ELIFECYCLE
17 error xblocks@0.7.0 dev: `NODE_ENV=development ./node_modules/.bin/webpack --progress --watch`
17 error Exit status 1
18 error Failed at the xblocks@0.7.0 dev script 'NODE_ENV=development ./node_modules/.bin/webpack --progress --watch'.
18 error This is most likely a problem with the xblocks package,
18 error not with npm itself.
18 error Tell the author that this fails on your system:
18 error     NODE_ENV=development ./node_modules/.bin/webpack --progress --watch
18 error You can get their info via:
18 error     npm owner ls xblocks
18 error There is likely additional logging output above.
19 verbose exit [ 1, true ]
